<?xml version="1.0" encoding="UTF-8"?>
<testng-results ignored="0" total="1" passed="1" failed="0" skipped="0">
  <reporter-output>
  </reporter-output>
  <suite started-at="2024-05-29T22:49:40 EDT" name="Default suite" finished-at="2024-05-29T22:50:12 EDT" duration-ms="32383">
    <groups>
    </groups>
    <test started-at="2024-05-29T22:49:40 EDT" name="Default test" finished-at="2024-05-29T22:50:12 EDT" duration-ms="32383">
      <class name="pages.HomePageTest">
        <test-method is-config="true" signature="setUp()[pri:0, instance:pages.HomePageTest@932bc4a]" started-at="2024-05-29T22:49:40 EDT" name="setUp" finished-at="2024-05-29T22:49:57 EDT" duration-ms="16736" status="PASS">
          <reporter-output>
          </reporter-output>
        </test-method> <!-- setUp -->
        <test-method signature="clickSignInButtonTest()[pri:0, instance:pages.HomePageTest@932bc4a]" started-at="2024-05-29T22:49:57 EDT" name="clickSignInButtonTest" finished-at="2024-05-29T22:50:12 EDT" duration-ms="14954" status="PASS">
          <reporter-output>
          </reporter-output>
        </test-method> <!-- clickSignInButtonTest -->
        <test-method is-config="true" signature="tearUp()[pri:0, instance:pages.HomePageTest@932bc4a]" started-at="2024-05-29T22:50:12 EDT" name="tearUp" finished-at="2024-05-29T22:50:12 EDT" duration-ms="591" status="PASS">
          <reporter-output>
          </reporter-output>
        </test-method> <!-- tearUp -->
      </class> <!-- pages.HomePageTest -->
    </test> <!-- Default test -->
  </suite> <!-- Default suite -->
</testng-results>
